<?xml version="1.0" encoding="UTF-8"?>
<!-- Generated by org.testng.reporters.JUnitReportReporter -->
<testsuite hostname="BSG029-22" name="tests.HomePageTests" tests="1" failures="0" timestamp="26 Nov 2019 13:33:10 GMT" time="8.731" errors="0">
  <testcase name="SingleInputFieldTest" time="8.731" classname="tests.HomePageTests"/>
</testsuite> <!-- tests.HomePageTests -->
